TN:
SF:/home/oussama/Projects/courses/vuetify-dashboard/src/App.vue
FN:53,(anonymous_1)
FNF:1
FNH:0
FNDA:0,(anonymous_1)
DA:53,0
LF:1
LH:0
BRF:0
BRH:0
end_of_record
TN:
SF:/home/oussama/Projects/courses/vuetify-dashboard/src/components/EmployeesTable.vue
FN:21,(anonymous_1)
FN:30,(anonymous_2)
FNF:2
FNH:0
FNDA:0,(anonymous_1)
FNDA:0,(anonymous_2)
DA:21,0
DA:31,0
DA:35,0
LF:3
LH:0
BRF:0
BRH:0
end_of_record
TN:
SF:/home/oussama/Projects/courses/vuetify-dashboard/src/components/HelloWorld.vue
FN:91,(anonymous_1)
FNF:1
FNH:0
FNDA:0,(anonymous_1)
DA:91,0
LF:1
LH:0
BRF:0
BRH:0
end_of_record
TN:
SF:/home/oussama/Projects/courses/vuetify-dashboard/src/plugins/vuetify.js
FNF:0
FNH:0
DA:4,0
LF:1
LH:0
BRF:0
BRH:0
end_of_record
TN:
SF:/home/oussama/Projects/courses/vuetify-dashboard/src/router/index.js
FN:19,(anonymous_0)
FN:24,(anonymous_1)
FN:29,(anonymous_2)
FNF:3
FNH:0
FNDA:0,(anonymous_0)
FNDA:0,(anonymous_1)
FNDA:0,(anonymous_2)
DA:5,0
DA:7,0
DA:19,0
DA:24,0
DA:29,0
DA:33,0
LF:6
LH:0
BRF:0
BRH:0
end_of_record
TN:
SF:/home/oussama/Projects/courses/vuetify-dashboard/src/views/Dashboard.vue
FN:65,(anonymous_1)
FN:79,(anonymous_2)
FNF:2
FNH:0
FNDA:0,(anonymous_1)
FNDA:0,(anonymous_2)
DA:47,0
DA:48,0
DA:49,0
DA:50,0
DA:52,0
DA:53,0
DA:54,0
DA:55,0
DA:66,0
DA:80,0
DA:81,0
DA:82,0
LF:12
LH:0
BRF:0
BRH:0
end_of_record
TN:
SF:/home/oussama/Projects/courses/vuetify-dashboard/src/views/Home.vue
FNF:0
FNH:0
DA:9,1
LF:1
LH:1
BRF:0
BRH:0
end_of_record
TN:
SF:/home/oussama/Projects/courses/vuetify-dashboard/src/views/Login.vue
FN:34,(anonymous_1)
FNF:1
FNH:1
FNDA:1,(anonymous_1)
DA:34,1
LF:1
LH:1
BRF:0
BRH:0
end_of_record
